[2023.09.0921:41:17] I Start  (parsing_logs)
[2023.09.0921:41:17] I Start  (count_lines)
[2023.09.0921:41:17] I Time  (count_lines): 0.0s
[2023.09.0921:41:17] I Parsing is started
[2023.09.0921:41:17] E Parsing error for row: 1.169.137.128 -  - [29/Jun/2017:03:50:22 +0300] "GET /api/v2/banner/16852664 HTTP/1.1" 200 19415 "-" "Slotovod" "-" "1498697422-2118016444-4708-9752769" "712e90144abee9"

[2023.09.0921:41:17] E Parsing error for row: 1.199.4.96 -  - [29/Jun/2017:03:50:22 +0300] "GET /api/v2/slot/4705/groups HTTP/1.1" 200 2613 "-" "Lynx/2.8.8dev.9 libwww-FM/2.14 SSL-MM/1.4.1 GNUTLS/2.10.5" "-" "1498697422-3800516057-4708-9752745" "2a828197ae235b0b3cb"

[2023.09.0921:41:17] E Parsing error for row: 1.168.65.96 -  - [29/Jun/2017:03:50:22 +0300] "GET /api/v2/internal/banner/24294027/info HTTP/1.1" 200 407 "-" "-" "-" "1498697422-2539198130-4709-9928846" "89f7f1be37d"

[2023.09.0921:41:17] E Parsing error for row: 1.169.137.128 -  - [29/Jun/2017:03:50:22 +0300] "GET /api/v2/group/1769230/banners HTTP/1.1" 200 1020 "-" "Configovod" "-"
[2023.09.0921:41:17] I Parsing is finished
[2023.09.0921:41:17] I Time  (parsing_logs): 0.0s
[2023.09.0921:41:17] E Error limit is over, 66.66666666666666 > 10
[2023.09.0921:41:17] E Program is stopped due to fatal error!
[2023.09.0921:41:17] I Start  (parsing_logs)
[2023.09.0921:41:17] I Start  (count_lines)
[2023.09.0921:41:17] I Time  (count_lines): 0.0s
[2023.09.0921:41:17] I Parsing is started
[2023.09.0921:41:18] I Parsing is finished
[2023.09.0921:41:18] I Time  (parsing_logs): 0.0s
[2023.09.0921:41:18] I Start  (get_grouped_urls_dict)
[2023.09.0921:41:18] I Time  (get_grouped_urls_dict): 0.0s
[2023.09.0921:41:18] I Start  (get_table_json_stat)
[2023.09.0921:41:18] I Time  (get_table_json_stat): 0.0s
[2023.09.0921:41:18] I Start  (save_report)
[2023.09.0921:41:18] I Time  (save_report): 0.0s
